<?xml version="1.0" encoding="UTF-8"?>
<testsuite xmlns:xsi="http://www.w3.org/2001/XMLSchema-instance" xsi:noNamespaceSchemaLocation="https://maven.apache.org/surefire/maven-surefire-plugin/xsd/surefire-test-report-3.0.xsd" version="3.0" name="com.example.FelineTest" time="0.068" tests="7" errors="0" skipped="0" failures="0">
  <properties>
[...]
</properties>
  <testcase name="testGetKittensWithParameters(int)[1]" classname="com.example.FelineTest" time="0.023"/>
  <testcase name="testGetKittensWithParameters(int)[2]" classname="com.example.FelineTest" time="0.0"/>
  <testcase name="testGetKittensWithParameters(int)[3]" classname="com.example.FelineTest" time="0.001"/>
  <testcase name="testGetKittensWithParameters(int)[4]" classname="com.example.FelineTest" time="0.001"/>
  <testcase name="testGetFamily" classname="com.example.FelineTest" time="0.001"/>
  <testcase name="testGetKittensWithoutParameters" classname="com.example.FelineTest" time="0.001"/>
  <testcase name="testEatMeat" classname="com.example.FelineTest" time="0.001"/>
</testsuite>